<?xml version="1.0" encoding="UTF-8"?>
<robot generator="Robot 4.1.2 (Python 3.7.5 on darwin)" generated="20211213 13:48:00.109" rpa="false" schemaversion="2">
<suite id="s1" name="Robot Interactive Console" source="/Users/dana/.vscode/extensions/robocorp.robotframework-lsp-0.32.0/src/robotframework_ls/vendored/robotframework_interactive/robot_interactive_console.robot">
<test id="s1-t1" name="Default Task/Test">
<kw name="Interpreter Main Loop" library="MainLoop">
<kw name="Open the robot order website">
<msg timestamp="20211213 13:48:02.092" level="FAIL">No keyword with name 'Open the robot order website' found.</msg>
<status status="FAIL" starttime="20211213 13:48:02.091" endtime="20211213 13:48:02.092"/>
</kw>
<kw name="Get orders">
<var>${orders}=</var>
<status status="NOT RUN" starttime="20211213 13:48:02.094" endtime="20211213 13:48:02.094"/>
</kw>
<for flavor="IN">
<var>${row}</var>
<value>@{orders}</value>
<iter>
<var name="${row}">${row}</var>
<kw name="Close the popup boy">
<status status="NOT RUN" starttime="20211213 13:48:02.096" endtime="20211213 13:48:02.096"/>
</kw>
<status status="NOT RUN" starttime="20211213 13:48:02.094" endtime="20211213 13:48:02.096"/>
</iter>
<status status="NOT RUN" starttime="20211213 13:48:02.094" endtime="20211213 13:48:02.096"/>
</for>
<kw name="Log To Console" library="BuiltIn">
<arg>Hello World</arg>
<doc>Logs the given message to the console.</doc>
<status status="PASS" starttime="20211213 13:48:15.451" endtime="20211213 13:48:15.451"/>
</kw>
<kw name="Open Available Browser ${url}">
<msg timestamp="20211213 13:48:45.606" level="FAIL">No keyword with name 'Open Available Browser ${url}' found. Did you mean:
    RPA.Browser.Open Available Browser</msg>
<status status="FAIL" starttime="20211213 13:48:45.605" endtime="20211213 13:48:45.606"/>
</kw>
<kw name="Library">
<arg>RPA.Browser.Selenium</arg>
<msg timestamp="20211213 13:48:54.002" level="FAIL">No keyword with name 'Library' found.</msg>
<status status="FAIL" starttime="20211213 13:48:54.001" endtime="20211213 13:48:54.002"/>
</kw>
<kw name="RPA.Browser.Selenium">
<msg timestamp="20211213 13:48:59.522" level="FAIL">No keyword with name 'RPA.Browser.Selenium' found.</msg>
<status status="FAIL" starttime="20211213 13:48:59.522" endtime="20211213 13:48:59.522"/>
</kw>
<kw name="Open Available Browser" library="RPA.Browser">
<doc>Attempts to open a browser on the user's device from a set of
supported browsers. Automatically downloads a corresponding webdriver
if none is already installed.</doc>
<status status="PASS" starttime="20211213 13:49:06.747" endtime="20211213 13:49:09.611"/>
</kw>
<kw name="RPA.Browser.Open Available Browser ${url}">
<msg timestamp="20211213 13:49:35.084" level="FAIL">No keyword with name 'RPA.Browser.Open Available Browser ${url}' found. Did you mean:
    RPA.Browser.Open Available Browser</msg>
<status status="FAIL" starttime="20211213 13:49:35.084" endtime="20211213 13:49:35.084"/>
</kw>
<kw name="Open Available Browser" library="RPA.Browser">
<arg>${url}</arg>
<doc>Attempts to open a browser on the user's device from a set of
supported browsers. Automatically downloads a corresponding webdriver
if none is already installed.</doc>
<msg timestamp="20211213 13:49:43.032" level="FAIL">Variable '${url}' not found.</msg>
<status status="FAIL" starttime="20211213 13:49:43.030" endtime="20211213 13:49:43.032"/>
</kw>
<kw name="Open Available Browser" library="RPA.Browser">
<arg>${url}</arg>
<doc>Attempts to open a browser on the user's device from a set of
supported browsers. Automatically downloads a corresponding webdriver
if none is already installed.</doc>
<status status="PASS" starttime="20211213 13:49:59.514" endtime="20211213 13:50:02.817"/>
</kw>
<kw name="Click Button" library="RPA.Browser">
<arg>Yep</arg>
<doc>Clicks the button identified by ``locator``.</doc>
<status status="PASS" starttime="20211213 13:50:14.738" endtime="20211213 13:50:14.801"/>
</kw>
<kw name="Click Button" library="RPA.Browser">
<arg>Yep</arg>
<doc>Clicks the button identified by ``locator``.</doc>
<status status="PASS" starttime="20211213 14:49:39.189" endtime="20211213 14:49:39.465"/>
</kw>
<kw name="Wait Until Element Is Visible" library="RPA.Browser">
<arg>${form_input_head}</arg>
<doc>Waits until the element ``locator`` is visible.</doc>
<msg timestamp="20211213 14:50:12.850" level="FAIL">Variable '${form_input_head}' not found.</msg>
<status status="FAIL" starttime="20211213 14:50:12.828" endtime="20211213 14:50:12.852"/>
</kw>
<kw name="Wait Until Element Is Visible" library="RPA.Browser">
<arg>${form_input_head}</arg>
<doc>Waits until the element ``locator`` is visible.</doc>
<msg timestamp="20211213 14:51:27.251" level="FAIL">Variable '${form_input_head}' not found.</msg>
<status status="FAIL" starttime="20211213 14:51:27.248" endtime="20211213 14:51:27.251"/>
</kw>
<kw name="Set Local Variable" library="BuiltIn">
<arg>${form_input_head}</arg>
<arg>//*[@id="head"]</arg>
<arg>Set Local Variable</arg>
<arg>${form_input_body}</arg>
<arg>body</arg>
<arg>Set Local Variable</arg>
<arg>${form_input_legs}</arg>
<arg>xpath://html/body/div/div/div/div/div/form/div/input</arg>
<arg>Set Local Variable</arg>
<arg>${form_input_address}</arg>
<arg>//*[@id="address"]</arg>
<arg>Set Local Variable</arg>
<arg>${button_peview}</arg>
<arg>//*[@id="preview"]</arg>
<arg>Set Local Variable</arg>
<arg>${button_order}</arg>
<arg>//*[@id="order"]</arg>
<arg>Set Local Variable</arg>
<arg>${robot_preview}</arg>
<arg>//*[@id="robot-preview-image"]</arg>
<doc>Makes a variable available everywhere within the local scope.</doc>
<msg timestamp="20211213 14:51:35.829" level="FAIL">Setting list value to scalar variable '${form_input_head}' is not supported anymore. Create list variable '@{form_input_head}' instead.</msg>
<status status="FAIL" starttime="20211213 14:51:35.807" endtime="20211213 14:51:35.829"/>
</kw>
<kw name="Fill the form">
<msg timestamp="20211213 14:51:40.417" level="FAIL">No keyword with name 'Fill the form' found.</msg>
<status status="FAIL" starttime="20211213 14:51:40.416" endtime="20211213 14:51:40.417"/>
</kw>
<kw name="Open Available Browser https://robotsparebinindustries.com/#/robot-order">
<msg timestamp="20211213 15:49:28.094" level="FAIL">No keyword with name 'Open Available Browser https://robotsparebinindustries.com/#/robot-order' found.</msg>
<status status="FAIL" starttime="20211213 15:49:28.093" endtime="20211213 15:49:28.094"/>
</kw>
<kw name="Open Available Browser" library="RPA.Browser">
<doc>Attempts to open a browser on the user's device from a set of
supported browsers. Automatically downloads a corresponding webdriver
if none is already installed.</doc>
<status status="PASS" starttime="20211213 15:49:32.710" endtime="20211213 15:49:35.535"/>
</kw>
<kw name="Open Available Browser https://robotsparebinindustries.com/#/robot-order">
<msg timestamp="20211213 15:49:41.281" level="FAIL">No keyword with name 'Open Available Browser https://robotsparebinindustries.com/#/robot-order' found.</msg>
<status status="FAIL" starttime="20211213 15:49:41.281" endtime="20211213 15:49:41.281"/>
</kw>
<kw name="Open Available Browser" library="RPA.Browser">
<arg>https://robotsparebinindustries.com/#/robot-order</arg>
<doc>Attempts to open a browser on the user's device from a set of
supported browsers. Automatically downloads a corresponding webdriver
if none is already installed.</doc>
<status status="PASS" starttime="20211213 15:49:47.927" endtime="20211213 15:49:51.619"/>
</kw>
<kw name="Click Button" library="RPA.Browser">
<arg>Yep</arg>
<doc>Clicks the button identified by ``locator``.</doc>
<status status="PASS" starttime="20211213 15:49:58.620" endtime="20211213 15:49:58.682"/>
</kw>
<kw name="Wait Until Element Is Enabled" library="RPA.Browser">
<arg>id:preview</arg>
<doc>Waits until the element ``locator`` is enabled.</doc>
<status status="PASS" starttime="20211213 15:50:37.258" endtime="20211213 15:50:37.294"/>
</kw>
<kw name="Click Button" library="RPA.Browser">
<arg>id:preview</arg>
<doc>Clicks the button identified by ``locator``.</doc>
<status status="PASS" starttime="20211213 15:50:41.939" endtime="20211213 15:50:41.992"/>
</kw>